{"contracts\\BasicNFT.sol":{"l":{"12":3,"16":1,"17":1,"18":1,"26":0,"30":0},"path":"C:\\Users\\benjb\\Projects\\hardhat-nft-marketplace-fcc\\contracts\\BasicNFT.sol","s":{"1":3,"2":1,"3":1,"4":1,"5":0,"6":0},"b":{},"f":{"1":3,"2":1,"3":0,"4":0},"fnMap":{"1":{"name":"constructor","line":11,"loc":{"start":{"line":11,"column":4},"end":{"line":13,"column":4}}},"2":{"name":"mintNFT","line":15,"loc":{"start":{"line":15,"column":4},"end":{"line":19,"column":4}}},"3":{"name":"tokenURI","line":21,"loc":{"start":{"line":21,"column":4},"end":{"line":27,"column":4}}},"4":{"name":"getTokenCounter","line":29,"loc":{"start":{"line":29,"column":4},"end":{"line":31,"column":4}}}},"statementMap":{"1":{"start":{"line":12,"column":8},"end":{"line":12,"column":25}},"2":{"start":{"line":16,"column":8},"end":{"line":16,"column":44}},"3":{"start":{"line":17,"column":8},"end":{"line":17,"column":42}},"4":{"start":{"line":18,"column":8},"end":{"line":18,"column":29}},"5":{"start":{"line":26,"column":8},"end":{"line":26,"column":24}},"6":{"start":{"line":30,"column":8},"end":{"line":30,"column":29}}},"branchMap":{}},"contracts\\NftMarketplace.sol":{"l":{"58":1,"59":1,"60":0,"62":1,"70":1,"71":1,"72":1,"73":0,"75":1,"79":1,"80":1,"81":0,"83":1,"106":1,"107":0,"111":1,"112":1,"113":0,"115":1,"116":1,"125":1,"126":1,"127":0,"133":1,"136":1,"139":1,"144":1,"152":0,"153":0,"165":0,"166":0,"170":0,"171":0,"172":0,"175":0,"177":0,"179":0,"180":0,"190":0,"194":1},"path":"C:\\Users\\benjb\\Projects\\hardhat-nft-marketplace-fcc\\contracts\\NftMarketplace.sol","s":{"1":1,"2":1,"3":1,"4":1,"5":1,"6":1,"7":1,"8":1,"9":1,"10":1,"11":1,"12":1,"13":1,"14":1,"15":1,"16":1,"17":1,"18":0,"19":0,"20":0,"21":0,"22":0,"23":0,"24":0,"25":0,"26":0,"27":1},"b":{"1":[0,1],"2":[0,1],"3":[0,1],"4":[0,1],"5":[0,1],"6":[0,1],"7":[0,0],"8":[0,0]},"f":{"1":1,"2":1,"3":1,"4":1,"5":1,"6":0,"7":0,"8":0,"9":0,"10":1},"fnMap":{"1":{"name":"notListed","line":53,"loc":{"start":{"line":53,"column":4},"end":{"line":63,"column":4}}},"2":{"name":"isOwner","line":65,"loc":{"start":{"line":65,"column":4},"end":{"line":76,"column":4}}},"3":{"name":"isListed","line":78,"loc":{"start":{"line":78,"column":4},"end":{"line":84,"column":4}}},"4":{"name":"listItem","line":104,"loc":{"start":{"line":97,"column":4},"end":{"line":117,"column":4}}},"5":{"name":"buyItem","line":123,"loc":{"start":{"line":119,"column":4},"end":{"line":145,"column":4}}},"6":{"name":"cancelListing","line":150,"loc":{"start":{"line":147,"column":4},"end":{"line":154,"column":4}}},"7":{"name":"updateListing","line":163,"loc":{"start":{"line":156,"column":4},"end":{"line":167,"column":4}}},"8":{"name":"withdrawProceeds","line":169,"loc":{"start":{"line":169,"column":4},"end":{"line":182,"column":4}}},"9":{"name":"getListing","line":185,"loc":{"start":{"line":185,"column":4},"end":{"line":191,"column":4}}},"10":{"name":"getProceeds","line":193,"loc":{"start":{"line":193,"column":4},"end":{"line":195,"column":4}}}},"statementMap":{"1":{"start":{"line":58,"column":8},"end":{"line":58,"column":64}},"2":{"start":{"line":59,"column":8},"end":{"line":59,"column":1675}},"3":{"start":{"line":70,"column":8},"end":{"line":70,"column":41}},"4":{"start":{"line":71,"column":8},"end":{"line":71,"column":44}},"5":{"start":{"line":72,"column":8},"end":{"line":72,"column":2016}},"6":{"start":{"line":79,"column":8},"end":{"line":79,"column":64}},"7":{"start":{"line":80,"column":8},"end":{"line":80,"column":2258}},"8":{"start":{"line":106,"column":8},"end":{"line":106,"column":3039}},"9":{"start":{"line":111,"column":8},"end":{"line":111,"column":41}},"10":{"start":{"line":112,"column":8},"end":{"line":112,"column":3262}},"11":{"start":{"line":115,"column":8},"end":{"line":115,"column":67}},"12":{"start":{"line":116,"column":8},"end":{"line":116,"column":63}},"13":{"start":{"line":125,"column":8},"end":{"line":125,"column":67}},"14":{"start":{"line":126,"column":8},"end":{"line":126,"column":3774}},"15":{"start":{"line":133,"column":8},"end":{"line":133,"column":3996}},"16":{"start":{"line":139,"column":8},"end":{"line":139,"column":4226}},"17":{"start":{"line":144,"column":8},"end":{"line":144,"column":74}},"18":{"start":{"line":153,"column":8},"end":{"line":153,"column":59}},"19":{"start":{"line":165,"column":8},"end":{"line":165,"column":55}},"20":{"start":{"line":166,"column":8},"end":{"line":166,"column":66}},"21":{"start":{"line":170,"column":8},"end":{"line":170,"column":49}},"22":{"start":{"line":171,"column":8},"end":{"line":171,"column":5214}},"23":{"start":{"line":175,"column":8},"end":{"line":175,"column":33}},"24":{"start":{"line":177,"column":8},"end":{"line":177,"column":72}},"25":{"start":{"line":179,"column":8},"end":{"line":179,"column":5423}},"26":{"start":{"line":190,"column":8},"end":{"line":190,"column":46}},"27":{"start":{"line":194,"column":8},"end":{"line":194,"column":33}}},"branchMap":{"1":{"line":59,"type":"if","locations":[{"start":{"line":59,"column":8},"end":{"line":59,"column":8}},{"start":{"line":59,"column":8},"end":{"line":59,"column":8}}]},"2":{"line":72,"type":"if","locations":[{"start":{"line":72,"column":8},"end":{"line":72,"column":8}},{"start":{"line":72,"column":8},"end":{"line":72,"column":8}}]},"3":{"line":80,"type":"if","locations":[{"start":{"line":80,"column":8},"end":{"line":80,"column":8}},{"start":{"line":80,"column":8},"end":{"line":80,"column":8}}]},"4":{"line":106,"type":"if","locations":[{"start":{"line":106,"column":8},"end":{"line":106,"column":8}},{"start":{"line":106,"column":8},"end":{"line":106,"column":8}}]},"5":{"line":112,"type":"if","locations":[{"start":{"line":112,"column":8},"end":{"line":112,"column":8}},{"start":{"line":112,"column":8},"end":{"line":112,"column":8}}]},"6":{"line":126,"type":"if","locations":[{"start":{"line":126,"column":8},"end":{"line":126,"column":8}},{"start":{"line":126,"column":8},"end":{"line":126,"column":8}}]},"7":{"line":171,"type":"if","locations":[{"start":{"line":171,"column":8},"end":{"line":171,"column":8}},{"start":{"line":171,"column":8},"end":{"line":171,"column":8}}]},"8":{"line":179,"type":"if","locations":[{"start":{"line":179,"column":8},"end":{"line":179,"column":8}},{"start":{"line":179,"column":8},"end":{"line":179,"column":8}}]}}}}